<?xml version="1.0" encoding="UTF-8"?>
<!-- Generated by org.testng.reporters.JUnitReportReporter -->
<testsuite hostname="3ee583cbe91f" failures="0" tests="9" name="com.automation.tests.vendorportal.VendorPortalTest" time="17.203" errors="0" timestamp="2024-03-05T06:28:21 GMT" skipped="0">
  <testcase classname="com.automation.tests.vendorportal.VendorPortalTest" name="dashboardValidation" time="2.426"/>
  <testcase classname="com.automation.tests.vendorportal.VendorPortalTest" name="userLogout" time="2.542"/>
  <testcase classname="com.automation.tests.vendorportal.VendorPortalTest" name="userLogin" time="1.209"/>
  <testcase classname="com.automation.tests.vendorportal.VendorPortalTest" name="dashboardValidation" time="2.327"/>
  <testcase classname="com.automation.tests.vendorportal.VendorPortalTest" name="dashboardValidation" time="2.316"/>
  <testcase classname="com.automation.tests.vendorportal.VendorPortalTest" name="userLogout" time="0.898"/>
  <testcase classname="com.automation.tests.vendorportal.VendorPortalTest" name="userLogin" time="1.257"/>
  <testcase classname="com.automation.tests.vendorportal.VendorPortalTest" name="userLogin" time="1.206"/>
  <testcase classname="com.automation.tests.vendorportal.VendorPortalTest" name="userLogout" time="3.022"/>
</testsuite> <!-- com.automation.tests.vendorportal.VendorPortalTest -->
